#
# A fatal error has been detected by the Java Runtime Environment:
#
#  EXCEPTION_UNCAUGHT_CXX_EXCEPTION (0xe06d7363) at pc=0x00007ffe01f34b89, pid=6988, tid=0x0000000000003f48
#
# JRE version: Java(TM) SE Runtime Environment (8.0_291-b10) (build 1.8.0_291-b10)
# Java VM: Java HotSpot(TM) 64-Bit Server VM (25.291-b10 mixed mode windows-amd64 compressed oops)
# Problematic frame:
# C  [KERNELBASE.dll+0x34b89]
#
# Failed to write core dump. Minidumps are not enabled by default on client versions of Windows
#
# If you would like to submit a bug report, please visit:
#   http://bugreport.java.com/bugreport/crash.jsp
# The crash happened outside the Java Virtual Machine in native code.
# See problematic frame for where to report the bug.
#

---------------  T H R E A D  ---------------

Current thread (0x000002102815e000):  JavaThread "main" [_thread_in_native, id=16200, stack(0x0000006e63a00000,0x0000006e63bf0000)]

siginfo: ExceptionCode=0xe06d7363, ExceptionInformation=0x0000000019930520 0x0000006e63be5720 0x00007ffd71132000 0x00007ffd710a0000 

Registers:
RAX=0x0000000000000000, RBX=0x00007ffd71132000, RCX=0x00007ffd710d3e20, RDX=0x0000000000000000
RSP=0x0000006e63be5560, RBP=0x0000006e63be5819, RSI=0x0000006e63be5720, RDI=0x0000000019930520
R8 =0x000002103d9e0000, R9 =0x0000021066480610, R10=0x000002102815e200, R11=0x000002103b540000
R12=0x0000006e63be58a8, R13=0x0000021028d68660, R14=0x0000021028b026d0, R15=0x0000000000000000
RIP=0x00007ffe01f34b89, EFLAGS=0x0000000000000202

Top of Stack: (sp=0x0000006e63be5560)
0x0000006e63be5560:   00000210296145c8 00007ffd71132000
0x0000006e63be5570:   0000006e63be5720 0000000000000001
0x0000006e63be5580:   00000001e06d7363 0000000000000000
0x0000006e63be5590:   00007ffe01f34b89 0000006e00000004
0x0000006e63be55a0:   0000000019930520 0000006e63be5720
0x0000006e63be55b0:   00007ffd71132000 00007ffd710a0000
0x0000006e63be55c0:   0000021028d68660 0000006e63be58a8
0x0000006e63be55d0:   0000006e63be5720 0000006e63be5819
0x0000006e63be55e0:   0000006e63be5660 00007ffe04584a5f
0x0000006e63be55f0:   0000000019930520 0000000000000000
0x0000006e63be5600:   0000000000000000 00007ffd710b0724
0x0000006e63be5610:   00007ffd7113a000 00007ffd710a0000
0x0000006e63be5620:   0000db2eb31fb453 0000006e63be5819
0x0000006e63be5630:   00007ffd71132000 00007ffde7006220
0x0000006e63be5640:   0000006e63be56e0 0000006e63be5819
0x0000006e63be5650:   0000006e63be57c8 00007ffd710cf7b3 

Instructions: (pc=0x00007ffe01f34b89)
0x00007ffe01f34b69:   8b d1 44 0f 47 c0 44 89 44 24 38 49 c1 e0 03 e8
0x00007ffe01f34b79:   2a d3 05 00 48 8d 4c 24 20 48 ff 15 af 9f 18 00
0x00007ffe01f34b89:   0f 1f 44 00 00 48 8b 8c 24 c0 00 00 00 48 33 cc
0x00007ffe01f34b99:   e8 62 95 05 00 48 81 c4 d8 00 00 00 c3 cc 83 64 


Register to memory mapping:

RAX=0x0000000000000000 is an unknown value
RBX=0x00007ffd71132000 is an unknown value
RCX=0x00007ffd710d3e20 is an unknown value
RDX=0x0000000000000000 is an unknown value
RSP=0x0000006e63be5560 is pointing into the stack for thread: 0x000002102815e000
RBP=0x0000006e63be5819 is pointing into the stack for thread: 0x000002102815e000
RSI=0x0000006e63be5720 is pointing into the stack for thread: 0x000002102815e000
RDI=0x0000000019930520 is an unknown value
R8 =0x000002103d9e0000 is an unknown value
R9 =0x0000021066480610 is an unknown value
R10=0x000002102815e200 is an unknown value
R11=0x000002103b540000 is pointing into metadata
R12=0x0000006e63be58a8 is pointing into the stack for thread: 0x000002102815e000
R13=0x0000021028d68660 is an unknown value
R14=0x0000021028b026d0 is an unknown value
R15=0x0000000000000000 is an unknown value


Stack: [0x0000006e63a00000,0x0000006e63bf0000],  sp=0x0000006e63be5560,  free space=1941k
Native frames: (J=compiled Java code, j=interpreted, Vv=VM code, C=native code)
C  [KERNELBASE.dll+0x34b89]
C  [VCRUNTIME140.dll+0x6220]
C  0x00007ffd710e5357
C  0x00007ffd710ee175
C  0x00007ffd710e2d65
C  0x0000021029ae9f4e

Java frames: (J=compiled Java code, j=interpreted, Vv=VM code)
j  org.jpype.manager.TypeFactoryNative.newWrapper(JJ)V+0
j  org.jpype.JPypeContext.newWrapper(J)V+16
v  ~StubRoutines::call_stub
j  org.jpype.manager.TypeFactoryNative.newWrapper(JJ)V+0
j  org.jpype.JPypeContext.newWrapper(J)V+16
v  ~StubRoutines::call_stub
j  org.jpype.manager.TypeFactoryNative.newWrapper(JJ)V+0
j  org.jpype.JPypeContext.newWrapper(J)V+16
v  ~StubRoutines::call_stub
j  org.jpype.manager.TypeFactoryNative.newWrapper(JJ)V+0
j  org.jpype.JPypeContext.newWrapper(J)V+16
v  ~StubRoutines::call_stub

---------------  P R O C E S S  ---------------

Java Threads: ( => current thread )
  0x0000021028b92800 JavaThread "Python Reference Queue" daemon [_thread_in_native, id=19732, stack(0x0000006e68dd0000,0x0000006e68fc0000)]
  0x0000021028aa3800 JavaThread "Service Thread" daemon [_thread_blocked, id=31896, stack(0x0000006e689f0000,0x0000006e68be0000)]
  0x00000210289cc000 JavaThread "C1 CompilerThread3" daemon [_thread_blocked, id=14744, stack(0x0000006e68800000,0x0000006e689f0000)]
  0x00000210289c8000 JavaThread "C2 CompilerThread2" daemon [_thread_blocked, id=21608, stack(0x0000006e68610000,0x0000006e68800000)]
  0x00000210289c7000 JavaThread "C2 CompilerThread1" daemon [_thread_blocked, id=26540, stack(0x0000006e68420000,0x0000006e68610000)]
  0x00000210289b2800 JavaThread "C2 CompilerThread0" daemon [_thread_blocked, id=4064, stack(0x0000006e68230000,0x0000006e68420000)]
  0x0000021028999800 JavaThread "Attach Listener" daemon [_thread_blocked, id=26488, stack(0x0000006e68040000,0x0000006e68230000)]
  0x00000210289c6000 JavaThread "Signal Dispatcher" daemon [_thread_blocked, id=21240, stack(0x0000006e67e50000,0x0000006e68040000)]
  0x0000021028985800 JavaThread "Finalizer" daemon [_thread_blocked, id=32128, stack(0x0000006e67c60000,0x0000006e67e50000)]
  0x000002102897b000 JavaThread "Reference Handler" daemon [_thread_blocked, id=30536, stack(0x0000006e67a70000,0x0000006e67c60000)]
=>0x000002102815e000 JavaThread "main" [_thread_in_native, id=16200, stack(0x0000006e63a00000,0x0000006e63bf0000)]

Other Threads:
  0x0000021028978000 VMThread [stack: 0x0000006e67880000,0x0000006e67a70000] [id=31456]
  0x00000210289dc000 WatcherThread [stack: 0x0000006e68be0000,0x0000006e68dd0000] [id=18540]

VM state:not at safepoint (normal execution)

VM Mutex/Monitor currently owned by a thread: None

heap address: 0x00000000c0000000, size: 1024 MB, Compressed Oops mode: 32-bit
Narrow klass base: 0x0000000000000000, Narrow klass shift: 3
Compressed class space size: 1073741824 Address: 0x0000000100000000

Heap:
 PSYoungGen      total 314880K, used 7715K [0x00000000eab00000, 0x0000000100000000, 0x0000000100000000)
  eden space 280576K, 2% used [0x00000000eab00000,0x00000000eb288fb8,0x00000000fbd00000)
  from space 34304K, 0% used [0x00000000fbd00000,0x00000000fbd00000,0x00000000fde80000)
  to   space 34304K, 0% used [0x00000000fde80000,0x00000000fde80000,0x0000000100000000)
 ParOldGen       total 175104K, used 72247K [0x00000000c0000000, 0x00000000cab00000, 0x00000000eab00000)
  object space 175104K, 41% used [0x00000000c0000000,0x00000000c468df38,0x00000000cab00000)
 Metaspace       used 13647K, capacity 14298K, committed 14592K, reserved 1060864K
  class space    used 2043K, capacity 2214K, committed 2304K, reserved 1048576K

Card table byte_map: [0x0000021038e90000,0x00000210390a0000] byte_map_base: 0x0000021038890000

Marking Bits: (ParMarkBitMap*) 0x0000000053cf7fe0
 Begin Bits: [0x0000021039200000, 0x000002103a200000)
 End Bits:   [0x000002103a200000, 0x000002103b200000)

Polling page: 0x0000021029aa0000

CodeCache: size=245760Kb used=8888Kb max_used=8932Kb free=236871Kb
 bounds [0x0000021029ad0000, 0x000002102a3a0000, 0x0000021038ad0000]
 total_blobs=2970 nmethods=2599 adapters=282
 compilation: enabled

Compilation events (10 events):
Event: 17.387 Thread 0x00000210289cc000 nmethod 2599 0x000002102a326e50 code [0x000002102a327be0, 0x000002102a333460]
Event: 17.387 Thread 0x00000210289cc000 2609       1       scala.collection.mutable.DefaultEntry::next (5 bytes)
Event: 17.387 Thread 0x00000210289cc000 nmethod 2609 0x000002102a316590 code [0x000002102a3166e0, 0x000002102a3167f8]
Event: 17.397 Thread 0x00000210289c8000 nmethod 2367 0x000002102a33bdd0 code [0x000002102a33e0c0, 0x000002102a34c3a0]
Event: 17.885 Thread 0x00000210289c7000 2610       4       java.lang.reflect.Modifier::isStatic (13 bytes)
Event: 17.885 Thread 0x00000210289c7000 nmethod 2610 0x000002102a30a990 code [0x000002102a30aac0, 0x000002102a30ab18]
Event: 17.887 Thread 0x00000210289cc000 2611       3       org.jpype.manager.MethodResolution::sortMethods (218 bytes)
Event: 17.890 Thread 0x00000210289cc000 nmethod 2611 0x000002102a323190 code [0x000002102a3235c0, 0x000002102a3259e0]
Event: 17.890 Thread 0x00000210289cc000 2612       3       org.jpype.manager.TypeManager::createMethods (382 bytes)
Event: 17.893 Thread 0x00000210289cc000 nmethod 2612 0x000002102a31fe50 code [0x000002102a3201c0, 0x000002102a322100]

GC Heap History (10 events):
Event: 16.816 GC heap before
{Heap before GC invocations=24 (full 9):
 PSYoungGen      total 288256K, used 262144K [0x00000000eab00000, 0x00000000fdf00000, 0x0000000100000000)
  eden space 262144K, 100% used [0x00000000eab00000,0x00000000fab00000,0x00000000fab00000)
  from space 26112K, 0% used [0x00000000fc580000,0x00000000fc580000,0x00000000fdf00000)
  to   space 26624K, 0% used [0x00000000fab00000,0x00000000fab00000,0x00000000fc500000)
 ParOldGen       total 175104K, used 52825K [0x00000000c0000000, 0x00000000cab00000, 0x00000000eab00000)
  object space 175104K, 30% used [0x00000000c0000000,0x00000000c3396748,0x00000000cab00000)
 Metaspace       used 13416K, capacity 14044K, committed 14336K, reserved 1060864K
  class space    used 2022K, capacity 2177K, committed 2304K, reserved 1048576K
Event: 16.870 GC heap after
Heap after GC invocations=24 (full 9):
 PSYoungGen      total 288768K, used 26624K [0x00000000eab00000, 0x0000000100000000, 0x0000000100000000)
  eden space 262144K, 0% used [0x00000000eab00000,0x00000000eab00000,0x00000000fab00000)
  from space 26624K, 100% used [0x00000000fab00000,0x00000000fc500000,0x00000000fc500000)
  to   space 32256K, 0% used [0x00000000fe080000,0x00000000fe080000,0x0000000100000000)
 ParOldGen       total 175104K, used 54775K [0x00000000c0000000, 0x00000000cab00000, 0x00000000eab00000)
  object space 175104K, 31% used [0x00000000c0000000,0x00000000c357dc40,0x00000000cab00000)
 Metaspace       used 13416K, capacity 14044K, committed 14336K, reserved 1060864K
  class space    used 2022K, capacity 2177K, committed 2304K, reserved 1048576K
}
Event: 16.934 GC heap before
{Heap before GC invocations=25 (full 9):
 PSYoungGen      total 288768K, used 32129K [0x00000000eab00000, 0x0000000100000000, 0x0000000100000000)
  eden space 262144K, 2% used [0x00000000eab00000,0x00000000eb0604f8,0x00000000fab00000)
  from space 26624K, 100% used [0x00000000fab00000,0x00000000fc500000,0x00000000fc500000)
  to   space 32256K, 0% used [0x00000000fe080000,0x00000000fe080000,0x0000000100000000)
 ParOldGen       total 175104K, used 54775K [0x00000000c0000000, 0x00000000cab00000, 0x00000000eab00000)
  object space 175104K, 31% used [0x00000000c0000000,0x00000000c357dc40,0x00000000cab00000)
 Metaspace       used 13555K, capacity 14210K, committed 14336K, reserved 1060864K
  class space    used 2026K, capacity 2210K, committed 2304K, reserved 1048576K
Event: 16.959 GC heap after
Heap after GC invocations=25 (full 9):
 PSYoungGen      total 312832K, used 23052K [0x00000000eab00000, 0x0000000100000000, 0x0000000100000000)
  eden space 280576K, 0% used [0x00000000eab00000,0x00000000eab00000,0x00000000fbd00000)
  from space 32256K, 71% used [0x00000000fe080000,0x00000000ff703088,0x0000000100000000)
  to   space 34304K, 0% used [0x00000000fbd00000,0x00000000fbd00000,0x00000000fde80000)
 ParOldGen       total 175104K, used 54775K [0x00000000c0000000, 0x00000000cab00000, 0x00000000eab00000)
  object space 175104K, 31% used [0x00000000c0000000,0x00000000c357dc40,0x00000000cab00000)
 Metaspace       used 13555K, capacity 14210K, committed 14336K, reserved 1060864K
  class space    used 2026K, capacity 2210K, committed 2304K, reserved 1048576K
}
Event: 16.959 GC heap before
{Heap before GC invocations=26 (full 10):
 PSYoungGen      total 312832K, used 23052K [0x00000000eab00000, 0x0000000100000000, 0x0000000100000000)
  eden space 280576K, 0% used [0x00000000eab00000,0x00000000eab00000,0x00000000fbd00000)
  from space 32256K, 71% used [0x00000000fe080000,0x00000000ff703088,0x0000000100000000)
  to   space 34304K, 0% used [0x00000000fbd00000,0x00000000fbd00000,0x00000000fde80000)
 ParOldGen       total 175104K, used 54775K [0x00000000c0000000, 0x00000000cab00000, 0x00000000eab00000)
  object space 175104K, 31% used [0x00000000c0000000,0x00000000c357dc40,0x00000000cab00000)
 Metaspace       used 13555K, capacity 14210K, committed 14336K, reserved 1060864K
  class space    used 2026K, capacity 2210K, committed 2304K, reserved 1048576K
Event: 17.349 GC heap after
Heap after GC invocations=26 (full 10):
 PSYoungGen      total 312832K, used 0K [0x00000000eab00000, 0x0000000100000000, 0x0000000100000000)
  eden space 280576K, 0% used [0x00000000eab00000,0x00000000eab00000,0x00000000fbd00000)
  from space 32256K, 0% used [0x00000000fe080000,0x00000000fe080000,0x0000000100000000)
  to   space 34304K, 0% used [0x00000000fbd00000,0x00000000fbd00000,0x00000000fde80000)
 ParOldGen       total 175104K, used 72374K [0x00000000c0000000, 0x00000000cab00000, 0x00000000eab00000)
  object space 175104K, 41% used [0x00000000c0000000,0x00000000c46ada18,0x00000000cab00000)
 Metaspace       used 13555K, capacity 14210K, committed 14336K, reserved 1060864K
  class space    used 2026K, capacity 2210K, committed 2304K, reserved 1048576K
}
Event: 17.400 GC heap before
{Heap before GC invocations=27 (full 10):
 PSYoungGen      total 312832K, used 7716K [0x00000000eab00000, 0x0000000100000000, 0x0000000100000000)
  eden space 280576K, 2% used [0x00000000eab00000,0x00000000eb289008,0x00000000fbd00000)
  from space 32256K, 0% used [0x00000000fe080000,0x00000000fe080000,0x0000000100000000)
  to   space 34304K, 0% used [0x00000000fbd00000,0x00000000fbd00000,0x00000000fde80000)
 ParOldGen       total 175104K, used 72374K [0x00000000c0000000, 0x00000000cab00000, 0x00000000eab00000)
  object space 175104K, 41% used [0x00000000c0000000,0x00000000c46ada18,0x00000000cab00000)
 Metaspace       used 13631K, capacity 14298K, committed 14592K, reserved 1060864K
  class space    used 2041K, capacity 2214K, committed 2304K, reserved 1048576K
Event: 17.401 GC heap after
Heap after GC invocations=27 (full 10):
 PSYoungGen      total 314880K, used 224K [0x00000000eab00000, 0x0000000100000000, 0x0000000100000000)
  eden space 280576K, 0% used [0x00000000eab00000,0x00000000eab00000,0x00000000fbd00000)
  from space 34304K, 0% used [0x00000000fbd00000,0x00000000fbd38000,0x00000000fde80000)
  to   space 34304K, 0% used [0x00000000fde80000,0x00000000fde80000,0x0000000100000000)
 ParOldGen       total 175104K, used 72382K [0x00000000c0000000, 0x00000000cab00000, 0x00000000eab00000)
  object space 175104K, 41% used [0x00000000c0000000,0x00000000c46afa18,0x00000000cab00000)
 Metaspace       used 13631K, capacity 14298K, committed 14592K, reserved 1060864K
  class space    used 2041K, capacity 2214K, committed 2304K, reserved 1048576K
}
Event: 17.401 GC heap before
{Heap before GC invocations=28 (full 11):
 PSYoungGen      total 314880K, used 224K [0x00000000eab00000, 0x0000000100000000, 0x0000000100000000)
  eden space 280576K, 0% used [0x00000000eab00000,0x00000000eab00000,0x00000000fbd00000)
  from space 34304K, 0% used [0x00000000fbd00000,0x00000000fbd38000,0x00000000fde80000)
  to   space 34304K, 0% used [0x00000000fde80000,0x00000000fde80000,0x0000000100000000)
 ParOldGen       total 175104K, used 72382K [0x00000000c0000000, 0x00000000cab00000, 0x00000000eab00000)
  object space 175104K, 41% used [0x00000000c0000000,0x00000000c46afa18,0x00000000cab00000)
 Metaspace       used 13631K, capacity 14298K, committed 14592K, reserved 1060864K
  class space    used 2041K, capacity 2214K, committed 2304K, reserved 1048576K
Event: 17.883 GC heap after
Heap after GC invocations=28 (full 11):
 PSYoungGen      total 314880K, used 0K [0x00000000eab00000, 0x0000000100000000, 0x0000000100000000)
  eden space 280576K, 0% used [0x00000000eab00000,0x00000000eab00000,0x00000000fbd00000)
  from space 34304K, 0% used [0x00000000fbd00000,0x00000000fbd00000,0x00000000fde80000)
  to   space 34304K, 0% used [0x00000000fde80000,0x00000000fde80000,0x0000000100000000)
 ParOldGen       total 175104K, used 72247K [0x00000000c0000000, 0x00000000cab00000, 0x00000000eab00000)
  object space 175104K, 41% used [0x00000000c0000000,0x00000000c468df38,0x00000000cab00000)
 Metaspace       used 13631K, capacity 14298K, committed 14592K, reserved 1060864K
  class space    used 2041K, capacity 2214K, committed 2304K, reserved 1048576K
}

Deoptimization events (10 events):
Event: 16.074 Thread 0x000002102815e000 Uncommon trap: reason=bimorphic action=maybe_recompile pc=0x000002102a2ff1b8 method=scala.collection.immutable.HashMap$HashTrieMap.updated0(Ljava/lang/Object;IILjava/lang/Object;Lscala/Tuple2;Lscala/collection/immutable/HashMap$Merger;)Lscala/collection/i
Event: 16.075 Thread 0x000002102815e000 Uncommon trap: reason=bimorphic action=maybe_recompile pc=0x000002102a2ff2a0 method=scala.collection.immutable.HashMap$HashTrieMap.updated0(Ljava/lang/Object;IILjava/lang/Object;Lscala/Tuple2;Lscala/collection/immutable/HashMap$Merger;)Lscala/collection/i
Event: 16.076 Thread 0x000002102815e000 Uncommon trap: reason=bimorphic action=maybe_recompile pc=0x000002102a2ff1b8 method=scala.collection.immutable.HashMap$HashTrieMap.updated0(Ljava/lang/Object;IILjava/lang/Object;Lscala/Tuple2;Lscala/collection/immutable/HashMap$Merger;)Lscala/collection/i
Event: 16.076 Thread 0x000002102815e000 Uncommon trap: reason=bimorphic action=maybe_recompile pc=0x000002102a2ff2a0 method=scala.collection.immutable.HashMap$HashTrieMap.updated0(Ljava/lang/Object;IILjava/lang/Object;Lscala/Tuple2;Lscala/collection/immutable/HashMap$Merger;)Lscala/collection/i
Event: 16.592 Thread 0x000002102815e000 Uncommon trap: reason=class_check action=maybe_recompile pc=0x000002102a2eda1c method=scala.collection.mutable.MapBuilder.$plus$eq(Lscala/Tuple2;)Lscala/collection/mutable/MapBuilder; @ 6
Event: 16.592 Thread 0x000002102815e000 Uncommon trap: reason=class_check action=maybe_recompile pc=0x000002102a2eda1c method=scala.collection.mutable.MapBuilder.$plus$eq(Lscala/Tuple2;)Lscala/collection/mutable/MapBuilder; @ 6
Event: 16.592 Thread 0x000002102815e000 Uncommon trap: reason=class_check action=maybe_recompile pc=0x000002102a2eda1c method=scala.collection.mutable.MapBuilder.$plus$eq(Lscala/Tuple2;)Lscala/collection/mutable/MapBuilder; @ 6
Event: 16.592 Thread 0x000002102815e000 Uncommon trap: reason=class_check action=maybe_recompile pc=0x000002102a2eda1c method=scala.collection.mutable.MapBuilder.$plus$eq(Lscala/Tuple2;)Lscala/collection/mutable/MapBuilder; @ 6
Event: 16.592 Thread 0x000002102815e000 Uncommon trap: reason=class_check action=maybe_recompile pc=0x000002102a2edf78 method=scala.collection.mutable.MapBuilder.$plus$eq(Lscala/Tuple2;)Lscala/collection/mutable/MapBuilder; @ 6
Event: 16.873 Thread 0x000002102815e000 Uncommon trap: reason=unstable_if action=reinterpret pc=0x0000021029f90ad0 method=scala.collection.immutable.HashMap$HashTrieMap.get0(Ljava/lang/Object;II)Lscala/Option; @ 13

Classes redefined (0 events):
No events

Internal exceptions (10 events):
Event: 13.600 Thread 0x000002102815e000 Exception <a 'java/lang/NoSuchMethodError': java.lang.Object.$anonfun$sorted$1$adapted([Ljava/lang/Object;Lscala/runtime/IntRef;Ljava/lang/Object;)Ljava/lang/Object;> (0x00000000eb457e98) thrown at [C:\jenkins\workspace\8-2-build-windows-amd64-cygwin\jdk8
Event: 13.603 Thread 0x000002102815e000 Exception <a 'java/lang/NoSuchMethodError': java.lang.Object.$anonfun$count$1$adapted(Lscala/Function1;Lscala/runtime/IntRef;Ljava/lang/Object;)Ljava/lang/Object;> (0x00000000eb461360) thrown at [C:\jenkins\workspace\8-2-build-windows-amd64-cygwin\jdk8u29
Event: 13.645 Thread 0x000002102815e000 Exception <a 'java/lang/NoSuchMethodError': java.lang.Object.$anonfun$sliding$1(Lscala/collection/IterableLike;Lscala/collection/Seq;)Ljava/lang/Object;> (0x00000000eb4c55b0) thrown at [C:\jenkins\workspace\8-2-build-windows-amd64-cygwin\jdk8u291\1294\hot
Event: 13.655 Thread 0x000002102815e000 Exception <a 'java/lang/NoSuchMethodError': java.lang.Object.$anonfun$sum$1(Lscala/math/Numeric;Ljava/lang/Object;Ljava/lang/Object;)Ljava/lang/Object;> (0x00000000eb50e568) thrown at [C:\jenkins\workspace\8-2-build-windows-amd64-cygwin\jdk8u291\1294\hots
Event: 13.898 Thread 0x000002102815e000 Exception <a 'java/lang/NoSuchMethodError': java.lang.Object.$anonfun$releaseVersion$1$adapted(Ljava/lang/String;)Ljava/lang/Object;> (0x00000000ed86e2b0) thrown at [C:\jenkins\workspace\8-2-build-windows-amd64-cygwin\jdk8u291\1294\hotspot\src\share\vm\in
Event: 13.901 Thread 0x000002102815e000 Exception <a 'java/lang/NoSuchMethodError': java.lang.Object.$anonfun$releaseVersion$2(Ljava/lang/String;)Ljava/lang/String;> (0x00000000ed878c30) thrown at [C:\jenkins\workspace\8-2-build-windows-amd64-cygwin\jdk8u291\1294\hotspot\src\share\vm\interprete
Event: 13.902 Thread 0x000002102815e000 Exception <a 'java/lang/NoSuchMethodError': java.lang.Object.$anonfun$developmentVersion$1$adapted(Ljava/lang/String;)Ljava/lang/Object;> (0x00000000ed87d318) thrown at [C:\jenkins\workspace\8-2-build-windows-amd64-cygwin\jdk8u291\1294\hotspot\src\share\v
Event: 13.903 Thread 0x000002102815e000 Exception <a 'java/lang/NoSuchMethodError': java.lang.Object.$anonfun$developmentVersion$2(Lscala/util/PropertiesTrait;Ljava/lang/String;)Lscala/Option;> (0x00000000ed8810e0) thrown at [C:\jenkins\workspace\8-2-build-windows-amd64-cygwin\jdk8u291\1294\hot
Event: 13.949 Thread 0x000002102815e000 Exception <a 'java/lang/NoSuchMethodError': java.lang.Object.$anonfun$distinct$1(Lscala/collection/mutable/Builder;Lscala/collection/mutable/HashSet;Ljava/lang/Object;)Ljava/lang/Object;> (0x00000000ed9e15a8) thrown at [C:\jenkins\workspace\8-2-build-wind
Event: 17.361 Thread 0x000002102815e000 Exception <a 'java/lang/NoSuchMethodError': java.lang.Object.$anonfun$filterImpl$1(Lscala/Function1;ZLscala/collection/mutable/Builder;Ljava/lang/Object;)Ljava/lang/Object;> (0x00000000eab7bdb0) thrown at [C:\jenkins\workspace\8-2-build-windows-amd64-cygw

Events (10 events):
Event: 17.884 loading class java/util/function/UnaryOperator
Event: 17.884 loading class java/util/function/UnaryOperator done
Event: 17.884 loading class java/util/function/Consumer
Event: 17.884 loading class java/util/function/Consumer done
Event: 17.884 loading class java/util/function/Predicate
Event: 17.884 loading class java/util/function/Predicate done
Event: 17.884 loading class java/util/stream/Stream
Event: 17.885 loading class java/util/stream/Stream done
Event: 17.885 Thread 0x00000210289c7000 flushing nmethod 0x0000021029bd4910
Event: 17.886 Thread 0x00000210289c7000 flushing nmethod 0x0000021029c1fc10


Dynamic libraries:
0x00007ff60f9d0000 - 0x00007ff60f9ec000 	c:\users\yumin\anaconda3\envs\proj1_vic\python.exe
0x00007ffe04550000 - 0x00007ffe04745000 	C:\WINDOWS\SYSTEM32\ntdll.dll
0x00007ffe02790000 - 0x00007ffe0284d000 	C:\WINDOWS\System32\KERNEL32.DLL
0x00007ffe01f00000 - 0x00007ffe021c8000 	C:\WINDOWS\System32\KERNELBASE.dll
0x00007ffdfc070000 - 0x00007ffdfc100000 	C:\WINDOWS\SYSTEM32\apphelp.dll
0x00007ffe02260000 - 0x00007ffe02360000 	C:\WINDOWS\System32\ucrtbase.dll
0x00007ffde7000000 - 0x00007ffde7019000 	c:\users\yumin\anaconda3\envs\proj1_vic\VCRUNTIME140.dll
0x00007ffd83300000 - 0x00007ffd8376c000 	c:\users\yumin\anaconda3\envs\proj1_vic\python39.dll
0x00007ffe03620000 - 0x00007ffe0368b000 	C:\WINDOWS\System32\WS2_32.dll
0x00007ffe03290000 - 0x00007ffe033bb000 	C:\WINDOWS\System32\RPCRT4.dll
0x00007ffe031e0000 - 0x00007ffe0328c000 	C:\WINDOWS\System32\ADVAPI32.dll
0x00007ffe03f60000 - 0x00007ffe03ffe000 	C:\WINDOWS\System32\msvcrt.dll
0x00007ffe02850000 - 0x00007ffe028eb000 	C:\WINDOWS\System32\sechost.dll
0x00007ffdefcf0000 - 0x00007ffdefcfa000 	C:\WINDOWS\SYSTEM32\VERSION.dll
0x00007ffe01650000 - 0x00007ffe01668000 	C:\WINDOWS\SYSTEM32\CRYPTSP.dll
0x00007ffe00d60000 - 0x00007ffe00d94000 	C:\WINDOWS\system32\rsaenh.dll
0x00007ffe02360000 - 0x00007ffe02387000 	C:\WINDOWS\System32\bcrypt.dll
0x00007ffe01640000 - 0x00007ffe0164c000 	C:\WINDOWS\SYSTEM32\CRYPTBASE.dll
0x00007ffe021d0000 - 0x00007ffe02253000 	C:\WINDOWS\System32\bcryptPrimitives.dll
0x00007ffdea040000 - 0x00007ffdea04f000 	c:\users\yumin\anaconda3\envs\proj1_vic\python3.DLL
0x00007ffdd6810000 - 0x00007ffdd6827000 	c:\users\yumin\anaconda3\envs\proj1_vic\DLLs\_bz2.pyd
0x00007ffdcf4d0000 - 0x00007ffdcf4fa000 	c:\users\yumin\anaconda3\envs\proj1_vic\DLLs\_lzma.pyd
0x00007ffdc7960000 - 0x00007ffdc7980000 	c:\users\yumin\anaconda3\envs\proj1_vic\DLLs\_ctypes.pyd
0x00007ffe02ef0000 - 0x00007ffe0301a000 	C:\WINDOWS\System32\ole32.dll
0x00007ffe029d0000 - 0x00007ffe02d25000 	C:\WINDOWS\System32\combase.dll
0x00007ffe04000000 - 0x00007ffe0402a000 	C:\WINDOWS\System32\GDI32.dll
0x00007ffe02480000 - 0x00007ffe024a2000 	C:\WINDOWS\System32\win32u.dll
0x00007ffe01c90000 - 0x00007ffe01d9b000 	C:\WINDOWS\System32\gdi32full.dll
0x00007ffe02390000 - 0x00007ffe0242d000 	C:\WINDOWS\System32\msvcp_win.dll
0x00007ffe033c0000 - 0x00007ffe03560000 	C:\WINDOWS\System32\USER32.dll
0x00007ffde6dc0000 - 0x00007ffde6dcb000 	c:\users\yumin\anaconda3\envs\proj1_vic\DLLs\libffi-7.dll
0x00007ffe03020000 - 0x00007ffe030ed000 	C:\WINDOWS\System32\OLEAUT32.dll
0x00007ffe028f0000 - 0x00007ffe02920000 	C:\WINDOWS\System32\IMM32.DLL
0x00007ffe03820000 - 0x00007ffe03f5f000 	C:\WINDOWS\System32\shell32.DLL
0x00007ffdcc8e0000 - 0x00007ffdcc8f2000 	c:\users\yumin\anaconda3\envs\proj1_vic\DLLs\_hashlib.pyd
0x00007ffd88cd0000 - 0x00007ffd8901a000 	C:\Users\yumin\anaconda3\envs\proj1_vic\Library\bin\libcrypto-1_1-x64.dll
0x00007ffdc43b0000 - 0x00007ffdc43c8000 	c:\users\yumin\anaconda3\envs\proj1_vic\DLLs\_sqlite3.pyd
0x00007ffd831a0000 - 0x00007ffd832fc000 	C:\Users\yumin\anaconda3\envs\proj1_vic\Library\bin\sqlite3.dll
0x00007ffdcc8c0000 - 0x00007ffdcc8d6000 	c:\users\yumin\anaconda3\envs\proj1_vic\DLLs\_socket.pyd
0x00007ffe01110000 - 0x00007ffe0114b000 	C:\WINDOWS\SYSTEM32\IPHLPAPI.DLL
0x00007ffde8690000 - 0x00007ffde869a000 	c:\users\yumin\anaconda3\envs\proj1_vic\DLLs\select.pyd
0x00007ffdc77b0000 - 0x00007ffdc77d7000 	c:\users\yumin\anaconda3\envs\proj1_vic\DLLs\_ssl.pyd
0x00007ffe01da0000 - 0x00007ffe01eff000 	C:\WINDOWS\System32\CRYPT32.dll
0x00007ffdbb2f0000 - 0x00007ffdbb39c000 	C:\Users\yumin\anaconda3\envs\proj1_vic\Library\bin\libssl-1_1-x64.dll
0x00007ffdc7790000 - 0x00007ffdc77a2000 	c:\users\yumin\anaconda3\envs\proj1_vic\DLLs\_asyncio.pyd
0x00007ffde6ab0000 - 0x00007ffde6abd000 	c:\users\yumin\anaconda3\envs\proj1_vic\DLLs\_overlapped.pyd
0x00007ffe01470000 - 0x00007ffe014da000 	C:\WINDOWS\system32\mswsock.dll
0x00007ffde7210000 - 0x00007ffde7219000 	c:\users\yumin\anaconda3\envs\proj1_vic\DLLs\_queue.pyd
0x00007ffd94530000 - 0x00007ffd94644000 	c:\users\yumin\anaconda3\envs\proj1_vic\DLLs\unicodedata.pyd
0x00007ffdc7770000 - 0x00007ffdc7785000 	c:\users\yumin\anaconda3\envs\proj1_vic\lib\site-packages\zmq\backend\cython\constants.cp39-win_amd64.pyd
0x00007ffde61c0000 - 0x00007ffde61cc400 	c:\users\yumin\anaconda3\envs\proj1_vic\lib\site-packages\zmq\backend\cython\error.cp39-win_amd64.pyd
0x00007ffda7c70000 - 0x00007ffda7cf5400 	c:\users\yumin\anaconda3\envs\proj1_vic\lib\site-packages\pyzmq.libs\libzmq-v141-mt-4_3_4-0a6f51ca.dll
0x00007ffdf5b10000 - 0x00007ffdf5b9d000 	C:\WINDOWS\SYSTEM32\MSVCP140.dll
0x00007ffdf5b00000 - 0x00007ffdf5b0c000 	C:\WINDOWS\SYSTEM32\VCRUNTIME140_1.dll
0x00007ffdc7420000 - 0x00007ffdc746f000 	c:\users\yumin\anaconda3\envs\proj1_vic\lib\site-packages\pyzmq.libs\libsodium-ac42d648.dll
0x00007ffdc6720000 - 0x00007ffdc6739400 	c:\users\yumin\anaconda3\envs\proj1_vic\lib\site-packages\zmq\backend\cython\message.cp39-win_amd64.pyd
0x00007ffdc6700000 - 0x00007ffdc6714400 	c:\users\yumin\anaconda3\envs\proj1_vic\lib\site-packages\zmq\backend\cython\context.cp39-win_amd64.pyd
0x00007ffdc5580000 - 0x00007ffdc55a4400 	c:\users\yumin\anaconda3\envs\proj1_vic\lib\site-packages\zmq\backend\cython\socket.cp39-win_amd64.pyd
0x00007ffde5fb0000 - 0x00007ffde5fbe400 	c:\users\yumin\anaconda3\envs\proj1_vic\lib\site-packages\zmq\backend\cython\utils.cp39-win_amd64.pyd
0x00007ffdc5560000 - 0x00007ffdc5574400 	c:\users\yumin\anaconda3\envs\proj1_vic\lib\site-packages\zmq\backend\cython\_poll.cp39-win_amd64.pyd
0x00007ffde5750000 - 0x00007ffde575c400 	c:\users\yumin\anaconda3\envs\proj1_vic\lib\site-packages\zmq\backend\cython\_version.cp39-win_amd64.pyd
0x00007ffdc5330000 - 0x00007ffdc5341400 	c:\users\yumin\anaconda3\envs\proj1_vic\lib\site-packages\zmq\backend\cython\_device.cp39-win_amd64.pyd
0x00007ffdc4520000 - 0x00007ffdc4530400 	c:\users\yumin\anaconda3\envs\proj1_vic\lib\site-packages\zmq\backend\cython\_proxy_steerable.cp39-win_amd64.pyd
0x00007ffde11b0000 - 0x00007ffde11b8000 	c:\users\yumin\anaconda3\envs\proj1_vic\DLLs\_uuid.pyd
0x00007ffde6ff0000 - 0x00007ffde6ff7000 	c:\users\yumin\anaconda3\envs\proj1_vic\lib\site-packages\tornado\speedups.cp39-win_amd64.pyd
0x00007ffdbde50000 - 0x00007ffdbde94000 	c:\users\yumin\anaconda3\envs\proj1_vic\DLLs\_decimal.pyd
0x00007ffe00520000 - 0x00007ffe00532000 	C:\WINDOWS\SYSTEM32\kernel.appcore.dll
0x00007ffe02ee0000 - 0x00007ffe02ee8000 	C:\WINDOWS\System32\NSI.dll
0x00007ffdefdb0000 - 0x00007ffdefdc7000 	C:\WINDOWS\SYSTEM32\dhcpcsvc6.DLL
0x00007ffdefcd0000 - 0x00007ffdefced000 	C:\WINDOWS\SYSTEM32\dhcpcsvc.DLL
0x00007ffe01160000 - 0x00007ffe0122c000 	C:\WINDOWS\SYSTEM32\DNSAPI.dll
0x0000000053e80000 - 0x0000000053ea4000 	c:\users\yumin\anaconda3\envs\proj1_vic\lib\site-packages\win32\win32api.pyd
0x0000000053e50000 - 0x0000000053e76000 	c:\users\yumin\anaconda3\envs\proj1_vic\lib\site-packages\win32\pywintypes39.dll
0x00007ffde5590000 - 0x00007ffde559c000 	C:\WINDOWS\SYSTEM32\secur32.dll
0x00007ffe01b50000 - 0x00007ffe01b81000 	C:\WINDOWS\SYSTEM32\SSPICLI.DLL
0x0000000053d70000 - 0x0000000053d97000 	c:\users\yumin\anaconda3\envs\proj1_vic\lib\site-packages\win32\win32security.pyd
0x00007ffde1620000 - 0x00007ffde1638000 	C:\WINDOWS\SYSTEM32\NETAPI32.dll
0x00007ffe01150000 - 0x00007ffe0115c000 	C:\WINDOWS\SYSTEM32\NETUTILS.DLL
0x0000021066cc0000 - 0x0000021066cc3000 	C:\WINDOWS\SYSTEM32\security.dll
0x00007ffdc4e10000 - 0x00007ffdc4e3a000 	C:\WINDOWS\SYSTEM32\ntdsapi.dll
0x00007ffe01230000 - 0x00007ffe01272000 	C:\WINDOWS\SYSTEM32\LOGONCLI.DLL
0x0000000068240000 - 0x0000000069fd1000 	c:\users\yumin\anaconda3\envs\proj1_vic\lib\site-packages\numpy\.libs\libopenblas.WCDJNK7YVMPZQ2ME2ZZHJJRJ3JIKNDB7.gfortran-win_amd64.dll
0x00007ffd82ed0000 - 0x00007ffd83198000 	c:\users\yumin\anaconda3\envs\proj1_vic\lib\site-packages\numpy\core\_multiarray_umath.cp39-win_amd64.pyd
0x00007ffdc2d10000 - 0x00007ffdc2d2f000 	c:\users\yumin\anaconda3\envs\proj1_vic\lib\site-packages\numpy\core\_multiarray_tests.cp39-win_amd64.pyd
0x00007ffde1100000 - 0x00007ffde1109000 	c:\users\yumin\anaconda3\envs\proj1_vic\lib\site-packages\numpy\linalg\lapack_lite.cp39-win_amd64.pyd
0x00007ffdbdad0000 - 0x00007ffdbdafa000 	c:\users\yumin\anaconda3\envs\proj1_vic\lib\site-packages\numpy\linalg\_umath_linalg.cp39-win_amd64.pyd
0x00007ffdc1550000 - 0x00007ffdc1570000 	c:\users\yumin\anaconda3\envs\proj1_vic\lib\site-packages\numpy\fft\_pocketfft_internal.cp39-win_amd64.pyd
0x00007ffd93f80000 - 0x00007ffd9400f000 	c:\users\yumin\anaconda3\envs\proj1_vic\lib\site-packages\numpy\random\mtrand.cp39-win_amd64.pyd
0x00007ffdbd560000 - 0x00007ffdbd589000 	c:\users\yumin\anaconda3\envs\proj1_vic\lib\site-packages\numpy\random\bit_generator.cp39-win_amd64.pyd
0x00007ffdbcdb0000 - 0x00007ffdbcde1000 	c:\users\yumin\anaconda3\envs\proj1_vic\lib\site-packages\numpy\random\_common.cp39-win_amd64.pyd
0x00007ffdbba90000 - 0x00007ffdbbad0000 	c:\users\yumin\anaconda3\envs\proj1_vic\lib\site-packages\numpy\random\_bounded_integers.cp39-win_amd64.pyd
0x00007ffdc0890000 - 0x00007ffdc08a8000 	c:\users\yumin\anaconda3\envs\proj1_vic\lib\site-packages\numpy\random\_mt19937.cp39-win_amd64.pyd
0x00007ffdbfd80000 - 0x00007ffdbfd97000 	c:\users\yumin\anaconda3\envs\proj1_vic\lib\site-packages\numpy\random\_philox.cp39-win_amd64.pyd
0x00007ffdbe750000 - 0x00007ffdbe765000 	c:\users\yumin\anaconda3\envs\proj1_vic\lib\site-packages\numpy\random\_pcg64.cp39-win_amd64.pyd
0x00007ffdbe570000 - 0x00007ffdbe582000 	c:\users\yumin\anaconda3\envs\proj1_vic\lib\site-packages\numpy\random\_sfc64.cp39-win_amd64.pyd
0x00007ffd91f20000 - 0x00007ffd91fc3000 	c:\users\yumin\anaconda3\envs\proj1_vic\lib\site-packages\numpy\random\_generator.cp39-win_amd64.pyd
0x00007ffdc79b0000 - 0x00007ffdc7abd000 	c:\users\yumin\anaconda3\envs\proj1_vic\lib\site-packages\pandas\_libs\interval.cp39-win_amd64.pyd
0x00007ffdbea60000 - 0x00007ffdbeb57000 	c:\users\yumin\anaconda3\envs\proj1_vic\lib\site-packages\pandas\_libs\hashtable.cp39-win_amd64.pyd
0x00007ffdea4b0000 - 0x00007ffdea4db000 	c:\users\yumin\anaconda3\envs\proj1_vic\lib\site-packages\pandas\_libs\missing.cp39-win_amd64.pyd
0x00007ffdea490000 - 0x00007ffdea4ae000 	c:\users\yumin\anaconda3\envs\proj1_vic\lib\site-packages\pandas\_libs\tslibs\dtypes.cp39-win_amd64.pyd
0x00007ffdcf550000 - 0x00007ffdcf58c000 	c:\users\yumin\anaconda3\envs\proj1_vic\lib\site-packages\pandas\_libs\tslibs\conversion.cp39-win_amd64.pyd
0x00007ffdea480000 - 0x00007ffdea48f000 	c:\users\yumin\anaconda3\envs\proj1_vic\lib\site-packages\pandas\_libs\tslibs\base.cp39-win_amd64.pyd
0x00007ffdcf510000 - 0x00007ffdcf541000 	c:\users\yumin\anaconda3\envs\proj1_vic\lib\site-packages\pandas\_libs\tslibs\nattype.cp39-win_amd64.pyd
0x00007ffdea400000 - 0x00007ffdea40f000 	c:\users\yumin\anaconda3\envs\proj1_vic\lib\site-packages\pandas\_libs\tslibs\np_datetime.cp39-win_amd64.pyd
0x00007ffdbea20000 - 0x00007ffdbea55000 	c:\users\yumin\anaconda3\envs\proj1_vic\lib\site-packages\pandas\_libs\tslibs\timezones.cp39-win_amd64.pyd
0x00007ffdbe9e0000 - 0x00007ffdbea1a000 	c:\users\yumin\anaconda3\envs\proj1_vic\lib\site-packages\pandas\_libs\tslibs\tzconversion.cp39-win_amd64.pyd
0x00007ffde7250000 - 0x00007ffde7262000 	c:\users\yumin\anaconda3\envs\proj1_vic\lib\site-packages\pandas\_libs\tslibs\ccalendar.cp39-win_amd64.pyd
0x00007ffdbe980000 - 0x00007ffdbe9d1000 	c:\users\yumin\anaconda3\envs\proj1_vic\lib\site-packages\pandas\_libs\tslibs\parsing.cp39-win_amd64.pyd
0x00007ffdbe8b0000 - 0x00007ffdbe975000 	c:\users\yumin\anaconda3\envs\proj1_vic\lib\site-packages\pandas\_libs\tslibs\offsets.cp39-win_amd64.pyd
0x00007ffdbe850000 - 0x00007ffdbe8ae000 	c:\users\yumin\anaconda3\envs\proj1_vic\lib\site-packages\pandas\_libs\tslibs\timedeltas.cp39-win_amd64.pyd
0x00007ffdbcd50000 - 0x00007ffdbcdb0000 	c:\users\yumin\anaconda3\envs\proj1_vic\lib\site-packages\pandas\_libs\tslibs\timestamps.cp39-win_amd64.pyd
0x00007ffdbe810000 - 0x00007ffdbe848000 	c:\users\yumin\anaconda3\envs\proj1_vic\lib\site-packages\pandas\_libs\tslibs\fields.cp39-win_amd64.pyd
0x00007ffdbcd00000 - 0x00007ffdbcd4c000 	c:\users\yumin\anaconda3\envs\proj1_vic\lib\site-packages\pandas\_libs\tslibs\strptime.cp39-win_amd64.pyd
0x00007ffde2ba0000 - 0x00007ffde2bb3000 	c:\users\yumin\anaconda3\envs\proj1_vic\lib\site-packages\pandas\_libs\properties.cp39-win_amd64.pyd
0x00007ffdbcca0000 - 0x00007ffdbccfb000 	c:\users\yumin\anaconda3\envs\proj1_vic\lib\site-packages\pandas\_libs\tslibs\period.cp39-win_amd64.pyd
0x00007ffdbcc60000 - 0x00007ffdbcc94000 	c:\users\yumin\anaconda3\envs\proj1_vic\lib\site-packages\pandas\_libs\tslibs\vectorized.cp39-win_amd64.pyd
0x00007ffdcf4b0000 - 0x00007ffdcf4c2000 	c:\users\yumin\anaconda3\envs\proj1_vic\lib\site-packages\pandas\_libs\ops_dispatch.cp39-win_amd64.pyd
0x00007ffda2110000 - 0x00007ffda2243000 	c:\users\yumin\anaconda3\envs\proj1_vic\lib\site-packages\pandas\_libs\algos.cp39-win_amd64.pyd
0x00007ffda20a0000 - 0x00007ffda2110000 	c:\users\yumin\anaconda3\envs\proj1_vic\lib\site-packages\pandas\_libs\lib.cp39-win_amd64.pyd
0x00007ffdbfd50000 - 0x00007ffdbfd76000 	c:\users\yumin\anaconda3\envs\proj1_vic\lib\site-packages\pandas\_libs\tslib.cp39-win_amd64.pyd
0x00007ffdbc900000 - 0x00007ffdbc92b000 	c:\users\yumin\anaconda3\envs\proj1_vic\lib\site-packages\pandas\_libs\hashing.cp39-win_amd64.pyd
0x00007ffdbc870000 - 0x00007ffdbc8a2000 	c:\users\yumin\anaconda3\envs\proj1_vic\lib\site-packages\pandas\_libs\ops.cp39-win_amd64.pyd
0x00007ffda2020000 - 0x00007ffda2094000 	c:\users\yumin\anaconda3\envs\proj1_vic\lib\site-packages\pandas\_libs\index.cp39-win_amd64.pyd
0x00007ffd713e0000 - 0x00007ffd715b5000 	c:\users\yumin\anaconda3\envs\proj1_vic\lib\site-packages\pandas\_libs\join.cp39-win_amd64.pyd
0x00007ffda1f50000 - 0x00007ffda2018000 	c:\users\yumin\anaconda3\envs\proj1_vic\lib\site-packages\pandas\_libs\sparse.cp39-win_amd64.pyd
0x00007ffdb8080000 - 0x00007ffdb80c3000 	c:\users\yumin\anaconda3\envs\proj1_vic\lib\site-packages\pandas\_libs\reduction.cp39-win_amd64.pyd
0x00007ffde7240000 - 0x00007ffde7250000 	c:\users\yumin\anaconda3\envs\proj1_vic\lib\site-packages\pandas\_libs\indexing.cp39-win_amd64.pyd
0x00007ffda6ad0000 - 0x00007ffda6b08000 	c:\users\yumin\anaconda3\envs\proj1_vic\lib\site-packages\pandas\_libs\internals.cp39-win_amd64.pyd

VM Arguments:
jvm_args: -Dfile.encoding=UTF8 -ea -Xmx1024m 
java_command: <unknown>
java_class_path (initial): C:\Users\yumin\anaconda3\envs\proj1_vic\Lib\site-packages\konlpy\java;C:\Users\yumin\anaconda3\envs\proj1_vic\Lib\site-packages\konlpy\java\bin;C:\Users\yumin\anaconda3\envs\proj1_vic\Lib\site-packages\konlpy\java\*;C:\Users\yumin\anaconda3\envs\proj1_vic\Lib\site-packages\konlpy\java\jhannanum-0.8.4.jar;C:\Users\yumin\anaconda3\envs\proj1_vic\Lib\site-packages\konlpy\java\kkma-2.0.jar;C:\Users\yumin\anaconda3\envs\proj1_vic\Lib\site-packages\konlpy\java\aho-corasick.jar;C:\Users\yumin\anaconda3\envs\proj1_vic\Lib\site-packages\konlpy\java\shineware-common-1.0.jar;C:\Users\yumin\anaconda3\envs\proj1_vic\Lib\site-packages\konlpy\java\shineware-ds-1.0.jar;C:\Users\yumin\anaconda3\envs\proj1_vic\Lib\site-packages\konlpy\java\komoran-3.0.jar;C:\Users\yumin\anaconda3\envs\proj1_vic\Lib\site-packages\konlpy\java\snakeyaml-1.12.jar;C:\Users\yumin\anaconda3\envs\proj1_vic\Lib\site-packages\konlpy\java\scala-library-2.12.3.jar;C:\Users\yumin\anaconda3\envs\proj1_vic\Lib\site-packages\konlpy\java\open-korean-text-2.1.0.jar;C:\Users\yumin\anaconda3\envs\proj1_vic\Lib\site-packages\konlpy\java\twitter-text-1.14.7.jar;C:\Users\yumin\anaconda3\envs\proj1_vic\Lib\site-packages\konlpy\java\*
Launcher Type: generic

Environment Variables:
JAVA_HOME=C:\Program Files\Java\jdk1.8.0_291
USERNAME=yumin
OS=Windows_NT
PROCESSOR_IDENTIFIER=Intel64 Family 6 Model 142 Stepping 10, GenuineIntel



---------------  S Y S T E M  ---------------

OS: Windows 10.0 , 64 bit Build 19041 (10.0.19041.1023)

CPU:total 8 (initial active 8) (4 cores per cpu, 2 threads per core) family 6 model 142 stepping 10, cmov, cx8, fxsr, mmx, sse, sse2, sse3, ssse3, sse4.1, sse4.2, popcnt, avx, avx2, aes, clmul, erms, 3dnowpref, lzcnt, ht, tsc, tscinvbit, bmi1, bmi2, adx

Memory: 4k page, physical 16690692k(8178308k free), swap 25603588k(8738416k free)

vm_info: Java HotSpot(TM) 64-Bit Server VM (25.291-b10) for windows-amd64 JRE (1.8.0_291-b10), built on Apr  9 2021 00:02:00 by "java_re" with MS VC++ 15.9 (VS2017)

time: Tue Jun 15 16:30:33 2021
timezone: 대한민국 표준시
elapsed time: 18.662552 seconds (0d 0h 0m 18s)

